<?xml version="1.0" encoding="UTF-8"?>
<testsuite name="com.github.Ramon9825.citiesapi.CitiesApiApplicationTests" tests="1" skipped="0" failures="0" errors="0" timestamp="2021-05-07T21:38:40" hostname="manjaro-lifebooks762" time="0.343">
  <properties/>
  <testcase name="contextLoads()" classname="com.github.Ramon9825.citiesapi.CitiesApiApplicationTests" time="0.343"/>
  <system-out><![CDATA[18:38:30.491 [Test worker] DEBUG org.springframework.test.context.BootstrapUtils - Instantiating CacheAwareContextLoaderDelegate from class [org.springframework.test.context.cache.DefaultCacheAwareContextLoaderDelegate]
18:38:30.544 [Test worker] DEBUG org.springframework.test.context.BootstrapUtils - Instantiating BootstrapContext using constructor [public org.springframework.test.context.support.DefaultBootstrapContext(java.lang.Class,org.springframework.test.context.CacheAwareContextLoaderDelegate)]
18:38:30.669 [Test worker] DEBUG org.springframework.test.context.BootstrapUtils - Instantiating TestContextBootstrapper for test class [com.github.Ramon9825.citiesapi.CitiesApiApplicationTests] from class [org.springframework.boot.test.context.SpringBootTestContextBootstrapper]
18:38:30.702 [Test worker] INFO org.springframework.boot.test.context.SpringBootTestContextBootstrapper - Neither @ContextConfiguration nor @ContextHierarchy found for test class [com.github.Ramon9825.citiesapi.CitiesApiApplicationTests], using SpringBootContextLoader
18:38:30.718 [Test worker] DEBUG org.springframework.test.context.support.AbstractContextLoader - Did not detect default resource location for test class [com.github.Ramon9825.citiesapi.CitiesApiApplicationTests]: class path resource [com/github/Ramon9825/citiesapi/CitiesApiApplicationTests-context.xml] does not exist
18:38:30.719 [Test worker] DEBUG org.springframework.test.context.support.AbstractContextLoader - Did not detect default resource location for test class [com.github.Ramon9825.citiesapi.CitiesApiApplicationTests]: class path resource [com/github/Ramon9825/citiesapi/CitiesApiApplicationTestsContext.groovy] does not exist
18:38:30.720 [Test worker] INFO org.springframework.test.context.support.AbstractContextLoader - Could not detect default resource locations for test class [com.github.Ramon9825.citiesapi.CitiesApiApplicationTests]: no resource found for suffixes {-context.xml, Context.groovy}.
18:38:30.722 [Test worker] INFO org.springframework.test.context.support.AnnotationConfigContextLoaderUtils - Could not detect default configuration classes for test class [com.github.Ramon9825.citiesapi.CitiesApiApplicationTests]: CitiesApiApplicationTests does not declare any static, non-private, non-final, nested classes annotated with @Configuration.
18:38:30.871 [Test worker] DEBUG org.springframework.test.context.support.ActiveProfilesUtils - Could not find an 'annotation declaring class' for annotation type [org.springframework.test.context.ActiveProfiles] and class [com.github.Ramon9825.citiesapi.CitiesApiApplicationTests]
18:38:31.075 [Test worker] DEBUG org.springframework.context.annotation.ClassPathScanningCandidateComponentProvider - Identified candidate component class: file [/home/manjaro/Documentos/cities-api/build/classes/java/main/com/github/Ramon9825/citiesapi/CitiesApiApplication.class]
18:38:31.079 [Test worker] INFO org.springframework.boot.test.context.SpringBootTestContextBootstrapper - Found @SpringBootConfiguration com.github.Ramon9825.citiesapi.CitiesApiApplication for test class com.github.Ramon9825.citiesapi.CitiesApiApplicationTests
18:38:31.352 [Test worker] DEBUG org.springframework.boot.test.context.SpringBootTestContextBootstrapper - @TestExecutionListeners is not present for class [com.github.Ramon9825.citiesapi.CitiesApiApplicationTests]: using defaults.
18:38:31.353 [Test worker] INFO org.springframework.boot.test.context.SpringBootTestContextBootstrapper - Loaded default TestExecutionListener class names from location [META-INF/spring.factories]: [org.springframework.boot.test.autoconfigure.restdocs.RestDocsTestExecutionListener, org.springframework.boot.test.autoconfigure.web.client.MockRestServiceServerResetTestExecutionListener, org.springframework.boot.test.autoconfigure.web.servlet.MockMvcPrintOnlyOnFailureTestExecutionListener, org.springframework.boot.test.autoconfigure.web.servlet.WebDriverTestExecutionListener, org.springframework.boot.test.autoconfigure.webservices.client.MockWebServiceServerTestExecutionListener, org.springframework.boot.test.mock.mockito.MockitoTestExecutionListener, org.springframework.boot.test.mock.mockito.ResetMocksTestExecutionListener, org.springframework.test.context.web.ServletTestExecutionListener, org.springframework.test.context.support.DirtiesContextBeforeModesTestExecutionListener, org.springframework.test.context.event.ApplicationEventsTestExecutionListener, org.springframework.test.context.support.DependencyInjectionTestExecutionListener, org.springframework.test.context.support.DirtiesContextTestExecutionListener, org.springframework.test.context.transaction.TransactionalTestExecutionListener, org.springframework.test.context.jdbc.SqlScriptsTestExecutionListener, org.springframework.test.context.event.EventPublishingTestExecutionListener]
18:38:31.398 [Test worker] INFO org.springframework.boot.test.context.SpringBootTestContextBootstrapper - Using TestExecutionListeners: [org.springframework.test.context.web.ServletTestExecutionListener@4ed95fa, org.springframework.test.context.support.DirtiesContextBeforeModesTestExecutionListener@3292a2bc, org.springframework.test.context.event.ApplicationEventsTestExecutionListener@607eb793, org.springframework.boot.test.mock.mockito.MockitoTestExecutionListener@300304e7, org.springframework.boot.test.autoconfigure.SpringBootDependencyInjectionTestExecutionListener@58a90558, org.springframework.test.context.support.DirtiesContextTestExecutionListener@7f89dbb3, org.springframework.test.context.transaction.TransactionalTestExecutionListener@6a5e39fe, org.springframework.test.context.jdbc.SqlScriptsTestExecutionListener@42522c6e, org.springframework.test.context.event.EventPublishingTestExecutionListener@524162b9, org.springframework.boot.test.autoconfigure.restdocs.RestDocsTestExecutionListener@63246f01, org.springframework.boot.test.autoconfigure.web.client.MockRestServiceServerResetTestExecutionListener@782e2b52, org.springframework.boot.test.autoconfigure.web.servlet.MockMvcPrintOnlyOnFailureTestExecutionListener@2bcc4965, org.springframework.boot.test.autoconfigure.web.servlet.WebDriverTestExecutionListener@7241a20f, org.springframework.boot.test.autoconfigure.webservices.client.MockWebServiceServerTestExecutionListener@32dd9721, org.springframework.boot.test.mock.mockito.ResetMocksTestExecutionListener@3ba04e93]
18:38:31.407 [Test worker] DEBUG org.springframework.test.context.support.AbstractDirtiesContextTestExecutionListener - Before test class: context [DefaultTestContext@5aba0fec testClass = CitiesApiApplicationTests, testInstance = [null], testMethod = [null], testException = [null], mergedContextConfiguration = [WebMergedContextConfiguration@1790f777 testClass = CitiesApiApplicationTests, locations = '{}', classes = '{class com.github.Ramon9825.citiesapi.CitiesApiApplication}', contextInitializerClasses = '[]', activeProfiles = '{}', propertySourceLocations = '{}', propertySourceProperties = '{org.springframework.boot.test.context.SpringBootTestContextBootstrapper=true}', contextCustomizers = set[org.springframework.boot.test.autoconfigure.actuate.metrics.MetricsExportContextCustomizerFactory$DisableMetricExportContextCustomizer@236b158b, org.springframework.boot.test.autoconfigure.properties.PropertyMappingContextCustomizer@0, org.springframework.boot.test.autoconfigure.web.servlet.WebDriverContextCustomizerFactory$Customizer@6b39588c, org.springframework.boot.test.context.filter.ExcludeFilterContextCustomizer@36ba663c, org.springframework.boot.test.json.DuplicateJsonObjectContextCustomizerFactory$DuplicateJsonObjectContextCustomizer@7763b2fd, org.springframework.boot.test.mock.mockito.MockitoContextCustomizer@0, org.springframework.boot.test.web.client.TestRestTemplateContextCustomizer@12a62cce, org.springframework.boot.test.context.SpringBootTestArgs@1, org.springframework.boot.test.context.SpringBootTestWebEnvironment@3b54d127], resourceBasePath = 'src/main/webapp', contextLoader = 'org.springframework.boot.test.context.SpringBootContextLoader', parent = [null]], attributes = map['org.springframework.test.context.web.ServletTestExecutionListener.activateListener' -> true]], class annotated with @DirtiesContext [false] with mode [null].
18:38:31.505 [Test worker] DEBUG org.springframework.test.context.support.TestPropertySourceUtils - Adding inlined properties to environment: {spring.jmx.enabled=false, org.springframework.boot.test.context.SpringBootTestContextBootstrapper=true}

  .   ____          _            __ _ _
 /\\ / ___'_ __ _ _(_)_ __  __ _ \ \ \ \
( ( )\___ | '_ | '_| | '_ \/ _` | \ \ \ \
 \\/  ___)| |_)| | | | | || (_| |  ) ) ) )
  '  |____| .__|_| |_|_| |_\__, | / / / /
 =========|_|==============|___/=/_/_/_/
 :: Spring Boot ::                (v2.4.5)

2021-05-07 18:38:32.562  INFO 9190 --- [    Test worker] c.g.R.c.CitiesApiApplicationTests        : Starting CitiesApiApplicationTests using Java 15.0.2 on manjaro-lifebooks762 with PID 9190 (started by manjaro in /home/manjaro/Documentos/cities-api)
2021-05-07 18:38:32.577  INFO 9190 --- [    Test worker] c.g.R.c.CitiesApiApplicationTests        : No active profile set, falling back to default profiles: default
2021-05-07 18:38:34.447  INFO 9190 --- [    Test worker] .s.d.r.c.RepositoryConfigurationDelegate : Bootstrapping Spring Data JPA repositories in DEFAULT mode.
2021-05-07 18:38:34.600  INFO 9190 --- [    Test worker] .s.d.r.c.RepositoryConfigurationDelegate : Finished Spring Data repository scanning in 128 ms. Found 2 JPA repository interfaces.
2021-05-07 18:38:35.752  INFO 9190 --- [    Test worker] com.zaxxer.hikari.HikariDataSource       : HikariPool-1 - Starting...
2021-05-07 18:38:35.977  INFO 9190 --- [    Test worker] com.zaxxer.hikari.HikariDataSource       : HikariPool-1 - Start completed.
2021-05-07 18:38:36.185  INFO 9190 --- [    Test worker] o.hibernate.jpa.internal.util.LogHelper  : HHH000204: Processing PersistenceUnitInfo [name: default]
2021-05-07 18:38:36.334  INFO 9190 --- [    Test worker] org.hibernate.Version                    : HHH000412: Hibernate ORM core version 5.4.30.Final
2021-05-07 18:38:36.699  INFO 9190 --- [    Test worker] o.hibernate.annotations.common.Version   : HCANN000001: Hibernate Commons Annotations {5.1.2.Final}
2021-05-07 18:38:37.076  INFO 9190 --- [    Test worker] org.hibernate.dialect.Dialect            : HHH000400: Using dialect: org.hibernate.dialect.PostgreSQL10Dialect
2021-05-07 18:38:37.569  WARN 9190 --- [    Test worker] Hibernate Types                          : You should use Hypersistence Optimizer to speed up your Hibernate application!
2021-05-07 18:38:37.569  WARN 9190 --- [    Test worker] Hibernate Types                          : For more details, go to https://vladmihalcea.com/hypersistence-optimizer/
2021-05-07 18:38:37.570  INFO 9190 --- [    Test worker] Hibernate Types                          : 
 _    _                           _     _
| |  | |                         (_)   | |
| |__| |_   _ _ __   ___ _ __ ___ _ ___| |_ ___ _ __   ___ ___
|  __  | | | | '_ \ / _ \ '__/ __| / __| __/ _ \ '_ \ / __/ _ \
| |  | | |_| | |_) |  __/ |  \__ \ \__ \ ||  __/ | | | (_|  __/
|_|  |_|\__, | .__/ \___|_|  |___/_|___/\__\___|_| |_|\___\___|
         __/ | |
        |___/|_|

           ____        _   _           _
          / __ \      | | (_)         (_)
         | |  | |_ __ | |_ _ _ __ ___  _ _______ _ __
         | |  | | '_ \| __| | '_ ` _ \| |_  / _ \ '__|
         | |__| | |_) | |_| | | | | | | |/ /  __/ |
          \____/| .__/ \__|_|_| |_| |_|_/___\___|_|
                | |
                |_|

2021-05-07 18:38:37.571  INFO 9190 --- [    Test worker] Hibernate Types                          : Check out the README page for more info about the Hypersistence Optimizer banner https://github.com/vladmihalcea/hibernate-types#how-to-remove-the-hypersistence-optimizer-banner-from-the-log
2021-05-07 18:38:38.553  INFO 9190 --- [    Test worker] o.h.e.t.j.p.i.JtaPlatformInitiator       : HHH000490: Using JtaPlatform implementation: [org.hibernate.engine.transaction.jta.platform.internal.NoJtaPlatform]
2021-05-07 18:38:38.572  INFO 9190 --- [    Test worker] j.LocalContainerEntityManagerFactoryBean : Initialized JPA EntityManagerFactory for persistence unit 'default'
2021-05-07 18:38:39.633  WARN 9190 --- [    Test worker] JpaBaseConfiguration$JpaWebConfiguration : spring.jpa.open-in-view is enabled by default. Therefore, database queries may be performed during view rendering. Explicitly configure spring.jpa.open-in-view to disable this warning
2021-05-07 18:38:40.101  INFO 9190 --- [    Test worker] o.s.s.concurrent.ThreadPoolTaskExecutor  : Initializing ExecutorService 'applicationTaskExecutor'
2021-05-07 18:38:40.792  INFO 9190 --- [    Test worker] c.g.R.c.CitiesApiApplicationTests        : Started CitiesApiApplicationTests in 9.264 seconds (JVM running for 12.579)
]]></system-out>
  <system-err><![CDATA[]]></system-err>
</testsuite>
